  Main.cpp
C:\Software\Chaos-Equations-master\Main.cpp(462,87): warning C4244: 'argument': conversion from 'int' to 'T', possible loss of data
C:\Software\Chaos-Equations-master\Main.cpp(462,87): warning C4244:         with
C:\Software\Chaos-Equations-master\Main.cpp(462,87): warning C4244:         [
C:\Software\Chaos-Equations-master\Main.cpp(462,87): warning C4244:             T=float
C:\Software\Chaos-Equations-master\Main.cpp(462,87): warning C4244:         ]
C:\Software\Chaos-Equations-master\Main.cpp(462,52): warning C4244: 'argument': conversion from 'int' to 'T', possible loss of data
C:\Software\Chaos-Equations-master\Main.cpp(462,52): warning C4244:         with
C:\Software\Chaos-Equations-master\Main.cpp(462,52): warning C4244:         [
C:\Software\Chaos-Equations-master\Main.cpp(462,52): warning C4244:             T=float
C:\Software\Chaos-Equations-master\Main.cpp(462,52): warning C4244:         ]
C:\Software\Chaos-Equations-master\Main.cpp(508,29): warning C4244: 'initializing': conversion from 'int' to 'float', possible loss of data
C:\Software\Chaos-Equations-master\Main.cpp(509,29): warning C4244: 'initializing': conversion from 'int' to 'float', possible loss of data
C:\Software\Chaos-Equations-master\Main.cpp(546,31): warning C4305: 'argument': truncation from 'double' to 'float'
  Generating code
  4 of 471 functions ( 0.8%) were compiled, the rest were copied from previous compilation.
    0 functions were new in current compilation
    0 functions had inline decision re-evaluated but remain unchanged
  Finished generating code
  ChaosEquations.vcxproj -> C:\Software\Chaos-Equations-master\x64\Release\ChaosEquations.exe
